<?xml version="1.0" encoding="UTF-8"?>
<!-- Generated by org.testng.reporters.JUnitReportReporter -->
<testsuite hostname="LAPTOP-UD0GH7J4" failures="0" tests="1" name="genericUtils.BaseClass" time="0.019" errors="0" timestamp="2024-02-17T13:14:37 IST" skipped="0">
  <testcase classname="genericUtils.BaseClass" name="testCase1" time="0.019"/>
</testsuite> <!-- genericUtils.BaseClass -->
